<?xml version="1.0" encoding="utf-8"?>
<TestRun id="5a389727-7d72-43eb-8063-38b4da6fd00d" name="Revature@DESKTOP-Q5B2JJ1 2019-06-06 16:49:18:095" runUser="DESKTOP-Q5B2JJ1\Revature" xmlns="http://microsoft.com/schemas/VisualStudio/TeamTest/2010">
  <Times creation="2019-06-06T16:49:18.1059285-05:00" queuing="2019-06-06T16:49:18.1059285-05:00" start="2019-06-06T16:49:17.2671671-05:00" finish="2019-06-06T16:49:18.1182029-05:00" />
  <TestSettings name="default" id="f4584aeb-3317-4c22-ba38-eb8f66f4a696">
    <Deployment runDeploymentRoot="Revature_DESKTOP-Q5B2JJ1_2019-06-06_16_49_18_095" />
  </TestSettings>
  <Results>
    <UnitTestResult executionId="0b3386a0-6f8c-457e-abaf-23aa2cd5594e" testId="7e5780bb-9d90-2879-efbf-aeb491253ed4" testName="TestGetName" computerName="DESKTOP-Q5B2JJ1" duration="00:00:00.0092063" startTime="2019-06-06T16:49:17.8881781-05:00" endTime="2019-06-06T16:49:17.9299824-05:00" testType="13cdc9d9-ddb5-4fa4-a97d-d965ccfc6d4b" outcome="Passed" testListId="8c84fa94-04c1-424b-9868-57a2d4851a1d" relativeResultsDirectory="0b3386a0-6f8c-457e-abaf-23aa2cd5594e" />
  </Results>
  <TestDefinitions>
    <UnitTest name="TestGetName" storage="c:\revature\training-code\03-mvc\contactapp\test\bin\debug\netcoreapp2.2\test.dll" id="7e5780bb-9d90-2879-efbf-aeb491253ed4">
      <Execution id="0b3386a0-6f8c-457e-abaf-23aa2cd5594e" />
      <TestMethod codeBase="C:\Revature\training-code\03-MVC\ContactApp\Test\bin\Debug\netcoreapp2.2\Test.dll" adapterTypeName="executor://mstestadapter/v2" className="Test.TestContact" name="TestGetName" />
    </UnitTest>
  </TestDefinitions>
  <TestEntries>
    <TestEntry testId="7e5780bb-9d90-2879-efbf-aeb491253ed4" executionId="0b3386a0-6f8c-457e-abaf-23aa2cd5594e" testListId="8c84fa94-04c1-424b-9868-57a2d4851a1d" />
  </TestEntries>
  <TestLists>
    <TestList name="Results Not in a List" id="8c84fa94-04c1-424b-9868-57a2d4851a1d" />
    <TestList name="All Loaded Results" id="19431567-8539-422a-85d7-44ee4e166bda" />
  </TestLists>
  <ResultSummary outcome="Completed">
    <Counters total="1" executed="1" passed="1" failed="0" error="0" timeout="0" aborted="0" inconclusive="0" passedButRunAborted="0" notRunnable="0" notExecuted="0" disconnected="0" warning="0" completed="0" inProgress="0" pending="0" />
  </ResultSummary>
</TestRun>